This is pdfTeX, Version 3.14159265-2.6-1.40.20 (TeX Live 2019/Arch Linux) (preloaded format=pdflatex 2019.9.9)  17 OCT 2019 08:51
entering extended mode
 restricted \write18 enabled.
 %&-line parsing enabled.
**report_v0.1.tex
(./report_v0.1.tex
LaTeX2e <2018-12-01>
(/usr/share/texmf-dist/tex/latex/base/article.cls
Document Class: article 2018/09/03 v1.4i Standard LaTeX document class
(/usr/share/texmf-dist/tex/latex/base/size11.clo
File: size11.clo 2018/09/03 v1.4i Standard LaTeX file (size option)
)
\c@part=\count80
\c@section=\count81
\c@subsection=\count82
\c@subsubsection=\count83
\c@paragraph=\count84
\c@subparagraph=\count85
\c@figure=\count86
\c@table=\count87
\abovecaptionskip=\skip41
\belowcaptionskip=\skip42
\bibindent=\dimen102
)
(/usr/share/texmf-dist/tex/latex/graphics/graphicx.sty
Package: graphicx 2017/06/01 v1.1a Enhanced LaTeX Graphics (DPC,SPQR)

(/usr/share/texmf-dist/tex/latex/graphics/keyval.sty
Package: keyval 2014/10/28 v1.15 key=value parser (DPC)
\KV@toks@=\toks14
)
(/usr/share/texmf-dist/tex/latex/graphics/graphics.sty
Package: graphics 2017/06/25 v1.2c Standard LaTeX Graphics (DPC,SPQR)

(/usr/share/texmf-dist/tex/latex/graphics/trig.sty
Package: trig 2016/01/03 v1.10 sin cos tan (DPC)
)
(/usr/share/texmf-dist/tex/latex/graphics-cfg/graphics.cfg
File: graphics.cfg 2016/06/04 v1.11 sample graphics configuration
)
Package graphics Info: Driver file: pdftex.def on input line 99.

(/usr/share/texmf-dist/tex/latex/graphics-def/pdftex.def
File: pdftex.def 2018/01/08 v1.0l Graphics/color driver for pdftex
))
\Gin@req@height=\dimen103
\Gin@req@width=\dimen104
)
(/usr/share/texmf-dist/tex/latex/amsmath/amsmath.sty
Package: amsmath 2018/12/01 v2.17b AMS math features
\@mathmargin=\skip43

For additional information on amsmath, use the `?' option.
(/usr/share/texmf-dist/tex/latex/amsmath/amstext.sty
Package: amstext 2000/06/29 v2.01 AMS text

(/usr/share/texmf-dist/tex/latex/amsmath/amsgen.sty
File: amsgen.sty 1999/11/30 v2.0 generic functions
\@emptytoks=\toks15
\ex@=\dimen105
))
(/usr/share/texmf-dist/tex/latex/amsmath/amsbsy.sty
Package: amsbsy 1999/11/29 v1.2d Bold Symbols
\pmbraise@=\dimen106
)
(/usr/share/texmf-dist/tex/latex/amsmath/amsopn.sty
Package: amsopn 2016/03/08 v2.02 operator names
)
\inf@bad=\count88
LaTeX Info: Redefining \frac on input line 223.
\uproot@=\count89
\leftroot@=\count90
LaTeX Info: Redefining \overline on input line 385.
\classnum@=\count91
\DOTSCASE@=\count92
LaTeX Info: Redefining \ldots on input line 482.
LaTeX Info: Redefining \dots on input line 485.
LaTeX Info: Redefining \cdots on input line 606.
\Mathstrutbox@=\box27
\strutbox@=\box28
\big@size=\dimen107
LaTeX Font Info:    Redeclaring font encoding OML on input line 729.
LaTeX Font Info:    Redeclaring font encoding OMS on input line 730.
\macc@depth=\count93
\c@MaxMatrixCols=\count94
\dotsspace@=\muskip10
\c@parentequation=\count95
\dspbrk@lvl=\count96
\tag@help=\toks16
\row@=\count97
\column@=\count98
\maxfields@=\count99
\andhelp@=\toks17
\eqnshift@=\dimen108
\alignsep@=\dimen109
\tagshift@=\dimen110
\tagwidth@=\dimen111
\totwidth@=\dimen112
\lineht@=\dimen113
\@envbody=\toks18
\multlinegap=\skip44
\multlinetaggap=\skip45
\mathdisplay@stack=\toks19
LaTeX Info: Redefining \[ on input line 2844.
LaTeX Info: Redefining \] on input line 2845.
)
(/usr/share/texmf-dist/tex/latex/geometry/geometry.sty
Package: geometry 2018/04/16 v5.8 Page Geometry

(/usr/share/texmf-dist/tex/generic/oberdiek/ifpdf.sty
Package: ifpdf 2018/09/07 v3.3 Provides the ifpdf switch
)
(/usr/share/texmf-dist/tex/generic/oberdiek/ifvtex.sty
Package: ifvtex 2016/05/16 v1.6 Detect VTeX and its facilities (HO)
Package ifvtex Info: VTeX not detected.
)
(/usr/share/texmf-dist/tex/generic/ifxetex/ifxetex.sty
Package: ifxetex 2010/09/12 v0.6 Provides ifxetex conditional
)
\Gm@cnth=\count100
\Gm@cntv=\count101
\c@Gm@tempcnt=\count102
\Gm@bindingoffset=\dimen114
\Gm@wd@mp=\dimen115
\Gm@odd@mp=\dimen116
\Gm@even@mp=\dimen117
\Gm@layoutwidth=\dimen118
\Gm@layoutheight=\dimen119
\Gm@layouthoffset=\dimen120
\Gm@layoutvoffset=\dimen121
\Gm@dimlist=\toks20
)
(/usr/share/texmf-dist/tex/latex/tools/indentfirst.sty
Package: indentfirst 1995/11/23 v1.03 Indent first paragraph (DPC)
)
(/usr/share/texmf-dist/tex/latex/jknapltx/mathbbol.sty
Package: mathbbol 1995/01/01
\symbbold=\mathgroup4
)
(/usr/share/texmf-dist/tex/latex/float/float.sty
Package: float 2001/11/08 v1.3d Float enhancements (AL)
\c@float@type=\count103
\float@exts=\toks21
\float@box=\box29
\@float@everytoks=\toks22
\@floatcapt=\box30
)
(/usr/share/texmf-dist/tex/latex/listings/listings.sty
\lst@mode=\count104
\lst@gtempboxa=\box31
\lst@token=\toks23
\lst@length=\count105
\lst@currlwidth=\dimen122
\lst@column=\count106
\lst@pos=\count107
\lst@lostspace=\dimen123
\lst@width=\dimen124
\lst@newlines=\count108
\lst@lineno=\count109
\lst@maxwidth=\dimen125

(/usr/share/texmf-dist/tex/latex/listings/lstmisc.sty
File: lstmisc.sty 2019/02/27 1.8b (Carsten Heinz)
\c@lstnumber=\count110
\lst@skipnumbers=\count111
\lst@framebox=\box32
)
(/usr/share/texmf-dist/tex/latex/listings/listings.cfg
File: listings.cfg 2019/02/27 1.8b listings configuration
))
Package: listings 2019/02/27 1.8b (Carsten Heinz)

(/usr/share/texmf-dist/tex/latex/xcolor/xcolor.sty
Package: xcolor 2016/05/11 v2.12 LaTeX color extensions (UK)

(/usr/share/texmf-dist/tex/latex/graphics-cfg/color.cfg
File: color.cfg 2016/01/02 v1.6 sample color configuration
)
Package xcolor Info: Driver file: pdftex.def on input line 225.
Package xcolor Info: Model `cmy' substituted by `cmy0' on input line 1348.
Package xcolor Info: Model `hsb' substituted by `rgb' on input line 1352.
Package xcolor Info: Model `RGB' extended on input line 1364.
Package xcolor Info: Model `HTML' substituted by `rgb' on input line 1366.
Package xcolor Info: Model `Hsb' substituted by `hsb' on input line 1367.
Package xcolor Info: Model `tHsb' substituted by `hsb' on input line 1368.
Package xcolor Info: Model `HSB' substituted by `hsb' on input line 1369.
Package xcolor Info: Model `Gray' substituted by `gray' on input line 1370.
Package xcolor Info: Model `wave' substituted by `hsb' on input line 1371.
)
(/usr/share/texmf-dist/tex/latex/hyperref/hyperref.sty
Package: hyperref 2018/11/30 v6.88e Hypertext links for LaTeX

(/usr/share/texmf-dist/tex/generic/oberdiek/hobsub-hyperref.sty
Package: hobsub-hyperref 2016/05/16 v1.14 Bundle oberdiek, subset hyperref (HO)


(/usr/share/texmf-dist/tex/generic/oberdiek/hobsub-generic.sty
Package: hobsub-generic 2016/05/16 v1.14 Bundle oberdiek, subset generic (HO)
Package: hobsub 2016/05/16 v1.14 Construct package bundles (HO)
Package: infwarerr 2016/05/16 v1.4 Providing info/warning/error messages (HO)
Package: ltxcmds 2016/05/16 v1.23 LaTeX kernel commands for general use (HO)
Package: ifluatex 2016/05/16 v1.4 Provides the ifluatex switch (HO)
Package ifluatex Info: LuaTeX not detected.
Package hobsub Info: Skipping package `ifvtex' (already loaded).
Package: intcalc 2016/05/16 v1.2 Expandable calculations with integers (HO)
Package hobsub Info: Skipping package `ifpdf' (already loaded).
Package: etexcmds 2016/05/16 v1.6 Avoid name clashes with e-TeX commands (HO)
Package: kvsetkeys 2016/05/16 v1.17 Key value parser (HO)
Package: kvdefinekeys 2016/05/16 v1.4 Define keys (HO)
Package: pdftexcmds 2018/09/10 v0.29 Utility functions of pdfTeX for LuaTeX (HO
)
Package pdftexcmds Info: LuaTeX not detected.
Package pdftexcmds Info: \pdf@primitive is available.
Package pdftexcmds Info: \pdf@ifprimitive is available.
Package pdftexcmds Info: \pdfdraftmode found.
Package: pdfescape 2016/05/16 v1.14 Implements pdfTeX's escape features (HO)
Package: bigintcalc 2016/05/16 v1.4 Expandable calculations on big integers (HO
)
Package: bitset 2016/05/16 v1.2 Handle bit-vector datatype (HO)
Package: uniquecounter 2016/05/16 v1.3 Provide unlimited unique counter (HO)
)
Package hobsub Info: Skipping package `hobsub' (already loaded).
Package: letltxmacro 2016/05/16 v1.5 Let assignment for LaTeX macros (HO)
Package: hopatch 2016/05/16 v1.3 Wrapper for package hooks (HO)
Package: xcolor-patch 2016/05/16 xcolor patch
Package: atveryend 2016/05/16 v1.9 Hooks at the very end of document (HO)
Package atveryend Info: \enddocument detected (standard20110627).
Package: atbegshi 2016/06/09 v1.18 At begin shipout hook (HO)
Package: refcount 2016/05/16 v3.5 Data extraction from label references (HO)
Package: hycolor 2016/05/16 v1.8 Color options for hyperref/bookmark (HO)
)
(/usr/share/texmf-dist/tex/latex/oberdiek/auxhook.sty
Package: auxhook 2016/05/16 v1.4 Hooks for auxiliary files (HO)
)
(/usr/share/texmf-dist/tex/latex/oberdiek/kvoptions.sty
Package: kvoptions 2016/05/16 v3.12 Key value format for package options (HO)
)
\@linkdim=\dimen126
\Hy@linkcounter=\count112
\Hy@pagecounter=\count113

(/usr/share/texmf-dist/tex/latex/hyperref/pd1enc.def
File: pd1enc.def 2018/11/30 v6.88e Hyperref: PDFDocEncoding definition (HO)
Now handling font encoding PD1 ...
... no UTF-8 mapping file for font encoding PD1
)
\Hy@SavedSpaceFactor=\count114

(/usr/share/texmf-dist/tex/latex/latexconfig/hyperref.cfg
File: hyperref.cfg 2002/06/06 v1.2 hyperref configuration of TeXLive
)
Package hyperref Info: Hyper figures OFF on input line 4519.
Package hyperref Info: Link nesting OFF on input line 4524.
Package hyperref Info: Hyper index ON on input line 4527.
Package hyperref Info: Plain pages OFF on input line 4534.
Package hyperref Info: Backreferencing OFF on input line 4539.
Package hyperref Info: Implicit mode ON; LaTeX internals redefined.
Package hyperref Info: Bookmarks ON on input line 4772.
\c@Hy@tempcnt=\count115

(/usr/share/texmf-dist/tex/latex/url/url.sty
\Urlmuskip=\muskip11
Package: url 2013/09/16  ver 3.4  Verb mode for urls, etc.
)
LaTeX Info: Redefining \url on input line 5125.
\XeTeXLinkMargin=\dimen127
\Fld@menulength=\count116
\Field@Width=\dimen128
\Fld@charsize=\dimen129
Package hyperref Info: Hyper figures OFF on input line 6380.
Package hyperref Info: Link nesting OFF on input line 6385.
Package hyperref Info: Hyper index ON on input line 6388.
Package hyperref Info: backreferencing OFF on input line 6395.
Package hyperref Info: Link coloring OFF on input line 6400.
Package hyperref Info: Link coloring with OCG OFF on input line 6405.
Package hyperref Info: PDF/A mode OFF on input line 6410.
LaTeX Info: Redefining \ref on input line 6450.
LaTeX Info: Redefining \pageref on input line 6454.
\Hy@abspage=\count117
\c@Item=\count118
\c@Hfootnote=\count119
)
Package hyperref Info: Driver (autodetected): hpdftex.

(/usr/share/texmf-dist/tex/latex/hyperref/hpdftex.def
File: hpdftex.def 2018/11/30 v6.88e Hyperref driver for pdfTeX
\Fld@listcount=\count120
\c@bookmark@seq@number=\count121

(/usr/share/texmf-dist/tex/latex/oberdiek/rerunfilecheck.sty
Package: rerunfilecheck 2016/05/16 v1.8 Rerun checks for auxiliary files (HO)
Package uniquecounter Info: New unique counter `rerunfilecheck' on input line 2
82.
)
\Hy@SectionHShift=\skip46
)
(./report_v0.1.aux)
\openout1 = `report_v0.1.aux'.

LaTeX Font Info:    Checking defaults for OML/cmm/m/it on input line 29.
LaTeX Font Info:    ... okay on input line 29.
LaTeX Font Info:    Checking defaults for T1/cmr/m/n on input line 29.
LaTeX Font Info:    ... okay on input line 29.
LaTeX Font Info:    Checking defaults for OT1/cmr/m/n on input line 29.
LaTeX Font Info:    ... okay on input line 29.
LaTeX Font Info:    Checking defaults for OMS/cmsy/m/n on input line 29.
LaTeX Font Info:    ... okay on input line 29.
LaTeX Font Info:    Checking defaults for OMX/cmex/m/n on input line 29.
LaTeX Font Info:    ... okay on input line 29.
LaTeX Font Info:    Checking defaults for U/cmr/m/n on input line 29.
LaTeX Font Info:    ... okay on input line 29.
LaTeX Font Info:    Checking defaults for PD1/pdf/m/n on input line 29.
LaTeX Font Info:    ... okay on input line 29.
 (/usr/share/texmf-dist/tex/context/base/mkii/supp-pdf.mkii
[Loading MPS to PDF converter (version 2006.09.02).]
\scratchcounter=\count122
\scratchdimen=\dimen130
\scratchbox=\box33
\nofMPsegments=\count123
\nofMParguments=\count124
\everyMPshowfont=\toks24
\MPscratchCnt=\count125
\MPscratchDim=\dimen131
\MPnumerator=\count126
\makeMPintoPDFobject=\count127
\everyMPtoPDFconversion=\toks25
) (/usr/share/texmf-dist/tex/latex/oberdiek/epstopdf-base.sty
Package: epstopdf-base 2016/05/15 v2.6 Base part for package epstopdf

(/usr/share/texmf-dist/tex/latex/oberdiek/grfext.sty
Package: grfext 2016/05/16 v1.2 Manage graphics extensions (HO)
)
Package epstopdf-base Info: Redefining graphics rule for `.eps' on input line 4
38.
Package grfext Info: Graphics extension search list:
(grfext)             [.pdf,.png,.jpg,.mps,.jpeg,.jbig2,.jb2,.PDF,.PNG,.JPG,.JPE
G,.JBIG2,.JB2,.eps]
(grfext)             \AppendGraphicsExtensions on input line 456.

(/usr/share/texmf-dist/tex/latex/latexconfig/epstopdf-sys.cfg
File: epstopdf-sys.cfg 2010/07/13 v1.3 Configuration of (r)epstopdf for TeX Liv
e
))
*geometry* driver: auto-detecting
*geometry* detected driver: pdftex
*geometry* verbose mode - [ preamble ] result:
* driver: pdftex
* paper: a4paper
* layout: <same size as paper>
* layoutoffset:(h,v)=(0.0pt,0.0pt)
* modes: 
* h-part:(L,W,R)=(71.13188pt, 469.47049pt, 56.9055pt)
* v-part:(T,H,B)=(85.35826pt, 674.33032pt, 85.35826pt)
* \paperwidth=597.50787pt
* \paperheight=845.04684pt
* \textwidth=469.47049pt
* \textheight=674.33032pt
* \oddsidemargin=-1.1381pt
* \evensidemargin=-1.1381pt
* \topmargin=-23.91173pt
* \headheight=12.0pt
* \headsep=25.0pt
* \topskip=11.0pt
* \footskip=30.0pt
* \marginparwidth=59.0pt
* \marginparsep=10.0pt
* \columnsep=10.0pt
* \skip\footins=10.0pt plus 4.0pt minus 2.0pt
* \hoffset=0.0pt
* \voffset=0.0pt
* \mag=1000
* \@twocolumnfalse
* \@twosidefalse
* \@mparswitchfalse
* \@reversemarginfalse
* (1in=72.27pt=25.4mm, 1cm=28.453pt)

\c@lstlisting=\count128
\AtBeginShipoutBox=\box34
Package hyperref Info: Link coloring OFF on input line 29.
(/usr/share/texmf-dist/tex/latex/hyperref/nameref.sty
Package: nameref 2016/05/21 v2.44 Cross-referencing by name of section

(/usr/share/texmf-dist/tex/generic/oberdiek/gettitlestring.sty
Package: gettitlestring 2016/05/16 v1.5 Cleanup title references (HO)
)
\c@section@level=\count129
)
LaTeX Info: Redefining \ref on input line 29.
LaTeX Info: Redefining \pageref on input line 29.
LaTeX Info: Redefining \nameref on input line 29.

(./report_v0.1.out) (./report_v0.1.out)
\@outlinefile=\write3
\openout3 = `report_v0.1.out'.

LaTeX Font Info:    Try loading font information for U+bbold on input line 32.
LaTeX Font Info:    No file Ubbold.fd. on input line 32.


LaTeX Font Warning: Font shape `U/bbold/m/n' undefined
(Font)              using `U/cmr/m/n' instead on input line 32.


Underfull \hbox (badness 10000) in paragraph at lines 38--39

 []


Underfull \hbox (badness 10000) in paragraph at lines 40--41

 []

<fig/1.1.1.png, id=32, 462.528pt x 346.896pt>
File: fig/1.1.1.png Graphic file (type png)
<use fig/1.1.1.png>
Package pdftex.def Info: fig/1.1.1.png  used on input line 59.
(pdftex.def)             Requested size: 289.07999pt x 216.82004pt.
[1

{/var/lib/texmf/fonts/map/pdftex/updmap/pdftex.map}]
<fig/1.1.2.png, id=51, 462.528pt x 346.896pt>
File: fig/1.1.2.png Graphic file (type png)
<use fig/1.1.2.png>
Package pdftex.def Info: fig/1.1.2.png  used on input line 72.
(pdftex.def)             Requested size: 289.07999pt x 216.82004pt.
<fig/logisticBif.png, id=52, 842.6682pt x 321.6015pt>
File: fig/logisticBif.png Graphic file (type png)
<use fig/logisticBif.png>
Package pdftex.def Info: fig/logisticBif.png  used on input line 78.
(pdftex.def)             Requested size: 505.89pt x 193.07034pt.

Overfull \hbox (36.41951pt too wide) in paragraph at lines 78--79
 [][] 
 []

[2 <./fig/1.1.1.png> <./fig/1.1.2.png>]
<fig/1.1.3.png, id=61, 462.528pt x 346.896pt>
File: fig/1.1.3.png Graphic file (type png)
<use fig/1.1.3.png>
Package pdftex.def Info: fig/1.1.3.png  used on input line 93.
(pdftex.def)             Requested size: 289.07999pt x 216.82004pt.
 [3 <./fig/logisticBif.png> <./fig/1.1.3.png>]
<fig/1.1.4.png, id=70, 462.528pt x 346.896pt>
File: fig/1.1.4.png Graphic file (type png)
<use fig/1.1.4.png>
Package pdftex.def Info: fig/1.1.4.png  used on input line 112.
(pdftex.def)             Requested size: 289.07999pt x 216.82004pt.

Underfull \hbox (badness 10000) in paragraph at lines 125--126

 []

<fig/1.1.5.png, id=71, 462.528pt x 346.896pt>
File: fig/1.1.5.png Graphic file (type png)
<use fig/1.1.5.png>
Package pdftex.def Info: fig/1.1.5.png  used on input line 129.
(pdftex.def)             Requested size: 289.07999pt x 216.82004pt.
[4 <./fig/1.1.4.png>]
Underfull \hbox (badness 10000) in paragraph at lines 135--137

 []


Underfull \hbox (badness 10000) in paragraph at lines 148--150

 []


Underfull \hbox (badness 10000) in paragraph at lines 148--150

 []

[5 <./fig/1.1.5.png>]
Underfull \hbox (badness 10000) in paragraph at lines 176--178

 []


Underfull \hbox (badness 10000) in paragraph at lines 176--178

 []

[6]
Underfull \hbox (badness 10000) in paragraph at lines 179--180

 []


Underfull \hbox (badness 10000) in paragraph at lines 181--182

 []

<fig/1.1.3BungTent.png, id=89, 462.528pt x 346.896pt>
File: fig/1.1.3BungTent.png Graphic file (type png)
<use fig/1.1.3BungTent.png>
Package pdftex.def Info: fig/1.1.3BungTent.png  used on input line 186.
(pdftex.def)             Requested size: 397.48499pt x 298.12889pt.
<fig/doubleHumpMap.png, id=90, 462.528pt x 346.896pt>
File: fig/doubleHumpMap.png Graphic file (type png)
<use fig/doubleHumpMap.png>
Package pdftex.def Info: fig/doubleHumpMap.png  used on input line 205.
(pdftex.def)             Requested size: 252.94499pt x 189.70827pt.
[7 <./fig/1.1.3BungTent.png>]
<fig/doubleHumpChaos.png, id=98, 462.528pt x 346.896pt>
File: fig/doubleHumpChaos.png Graphic file (type png)
<use fig/doubleHumpChaos.png>
Package pdftex.def Info: fig/doubleHumpChaos.png  used on input line 212.
(pdftex.def)             Requested size: 325.215pt x 243.92122pt.
<fig/1.1.3DoubHump.png, id=99, 462.528pt x 351.2322pt>
File: fig/1.1.3DoubHump.png Graphic file (type png)
<use fig/1.1.3DoubHump.png>
Package pdftex.def Info: fig/1.1.3DoubHump.png  used on input line 220.
(pdftex.def)             Requested size: 397.48499pt x 301.8555pt.
 [8 <./fig/doubleHumpMap.png> <./fig/doubleHumpChaos.png>]
<fig/1.1.3Logistic.png, id=108, 462.528pt x 346.896pt>
File: fig/1.1.3Logistic.png Graphic file (type png)
<use fig/1.1.3Logistic.png>
Package pdftex.def Info: fig/1.1.3Logistic.png  used on input line 228.
(pdftex.def)             Requested size: 368.57744pt x 276.44794pt.
<fig/1.1.3Sine.png, id=109, 462.528pt x 346.896pt>
File: fig/1.1.3Sine.png Graphic file (type png)
<use fig/1.1.3Sine.png>
Package pdftex.def Info: fig/1.1.3Sine.png  used on input line 236.
(pdftex.def)             Requested size: 325.215pt x 243.92122pt.
 [9 <./fig/1.1.3DoubHump.png> <./fig/1.1.3Logistic.png>]
Underfull \hbox (badness 10000) in paragraph at lines 240--241

 []

<fig/1.1.3TimeEvol.png, id=118, 462.528pt x 351.2322pt>
File: fig/1.1.3TimeEvol.png Graphic file (type png)
<use fig/1.1.3TimeEvol.png>
Package pdftex.def Info: fig/1.1.3TimeEvol.png  used on input line 245.
(pdftex.def)             Requested size: 325.215pt x 246.97025pt.
[10 <./fig/1.1.3Sine.png> <./fig/1.1.3TimeEvol.png>]
<fig/1.1.6Cosine.png, id=127, 462.528pt x 346.896pt>
File: fig/1.1.6Cosine.png Graphic file (type png)
<use fig/1.1.6Cosine.png>
Package pdftex.def Info: fig/1.1.6Cosine.png  used on input line 296.
(pdftex.def)             Requested size: 325.215pt x 243.92122pt.
 [11]
Underfull \hbox (badness 10000) in paragraph at lines 300--301

 []

<fig/1.1.6Logr-2.9.png, id=134, 462.528pt x 346.896pt>
File: fig/1.1.6Logr-2.9.png Graphic file (type png)
<use fig/1.1.6Logr-2.9.png>
Package pdftex.def Info: fig/1.1.6Logr-2.9.png  used on input line 306.
(pdftex.def)             Requested size: 332.44243pt x 249.34146pt.
<fig/1.1.6Logr-3.2.png, id=135, 462.528pt x 346.896pt>
File: fig/1.1.6Logr-3.2.png Graphic file (type png)
<use fig/1.1.6Logr-3.2.png>
Package pdftex.def Info: fig/1.1.6Logr-3.2.png  used on input line 312.
(pdftex.def)             Requested size: 339.66878pt x 254.7617pt.
[12 <./fig/1.1.6Cosine.png> <./fig/1.1.6Logr-2.9.png>]
<fig/1.1.6Logr-3.5.png, id=144, 462.528pt x 346.896pt>
File: fig/1.1.6Logr-3.5.png Graphic file (type png)
<use fig/1.1.6Logr-3.5.png>
Package pdftex.def Info: fig/1.1.6Logr-3.5.png  used on input line 318.
(pdftex.def)             Requested size: 346.89621pt x 260.18723pt.
<fig/1.1.6Logr-4.png, id=145, 462.528pt x 346.896pt>
File: fig/1.1.6Logr-4.png Graphic file (type png)
<use fig/1.1.6Logr-4.png>
Package pdftex.def Info: fig/1.1.6Logr-4.png  used on input line 324.
(pdftex.def)             Requested size: 346.89621pt x 260.18723pt.
 [13 <./fig/1.1.6Logr-3.2.png> <./fig/1.1.6Logr-3.5.png>]
Underfull \hbox (badness 10000) in paragraph at lines 328--329

 []

<fig/1.1.6TimeComp.png, id=155, 462.528pt x 346.896pt>
File: fig/1.1.6TimeComp.png Graphic file (type png)
<use fig/1.1.6TimeComp.png>
Package pdftex.def Info: fig/1.1.6TimeComp.png  used on input line 334.
(pdftex.def)             Requested size: 346.89621pt x 260.18723pt.
[14 <./fig/1.1.6Logr-4.png> <./fig/1.1.6TimeComp.png>]
Underfull \hbox (badness 10000) in paragraph at lines 378--380

 []

[15]
Underfull \hbox (badness 10000) in paragraph at lines 394--396

 []

[16]
<fig/1.1.4lyap.png, id=173, 462.528pt x 346.896pt>
File: fig/1.1.4lyap.png Graphic file (type png)
<use fig/1.1.4lyap.png>
Package pdftex.def Info: fig/1.1.4lyap.png  used on input line 401.
(pdftex.def)             Requested size: 397.48499pt x 298.12889pt.

Underfull \hbox (badness 10000) in paragraph at lines 411--412

 []

[17 <./fig/1.1.4lyap.png>]
<fig/1.1.5autoCor.png, id=180, 462.528pt x 346.896pt>
File: fig/1.1.5autoCor.png Graphic file (type png)
<use fig/1.1.5autoCor.png>
Package pdftex.def Info: fig/1.1.5autoCor.png  used on input line 417.
(pdftex.def)             Requested size: 397.48499pt x 298.12889pt.
 [18 <./fig/1.1.5autoCor.png>]
Underfull \hbox (badness 10000) in paragraph at lines 423--424

 []

(/usr/share/texmf-dist/tex/latex/listings/lstlang1.sty
File: lstlang1.sty 2019/02/27 1.8b listings language file
)
LaTeX Font Info:    Try loading font information for OMS+cmr on input line 434.


(/usr/share/texmf-dist/tex/latex/base/omscmr.fd
File: omscmr.fd 2014/09/29 v2.5h Standard LaTeX font definitions
)
LaTeX Font Info:    Font shape `OMS/cmr/m/n' in size <10.95> not available
(Font)              Font shape `OMS/cmsy/m/n' tried instead on input line 434.
 [19]
LaTeX Font Info:    Try loading font information for OML+cmr on input line 504.


(/usr/share/texmf-dist/tex/latex/base/omlcmr.fd
File: omlcmr.fd 2014/09/29 v2.5h Standard LaTeX font definitions
)
LaTeX Font Info:    Font shape `OML/cmr/m/n' in size <10.95> not available
(Font)              Font shape `OML/cmm/m/it' tried instead on input line 504.
 [20] [21] [22] [23] [24]
[25] [26] [27] [28] [29] [30] [31] [32] [33]
Package atveryend Info: Empty hook `BeforeClearDocument' on input line 1202.
 [34]
Package atveryend Info: Empty hook `AfterLastShipout' on input line 1202.
 (./report_v0.1.aux)
Package atveryend Info: Executing hook `AtVeryEndDocument' on input line 1202.
Package atveryend Info: Executing hook `AtEndAfterFileList' on input line 1202.

Package rerunfilecheck Info: File `report_v0.1.out' has not changed.
(rerunfilecheck)             Checksum: 486E07F202576643491DB6358B0A8D45;506.


LaTeX Font Warning: Some font shapes were not available, defaults substituted.

Package atveryend Info: Empty hook `AtVeryVeryEnd' on input line 1202.
 ) 
Here is how much of TeX's memory you used:
 9360 strings out of 492623
 131257 string characters out of 6135670
 524248 words of memory out of 5000000
 12392 multiletter control sequences out of 15000+600000
 10450 words of font info for 38 fonts, out of 8000000 for 9000
 1141 hyphenation exceptions out of 8191
 28i,13n,42p,726b,1860s stack positions out of 5000i,500n,10000p,200000b,80000s
</usr/share/texmf-dist/fonts/type1/public/amsfonts/cm/cmbx10.pfb></usr/share/
texmf-dist/fonts/type1/public/amsfonts/cm/cmbx12.pfb></usr/share/texmf-dist/fon
ts/type1/public/amsfonts/cm/cmex10.pfb></usr/share/texmf-dist/fonts/type1/publi
c/amsfonts/cm/cmmi10.pfb></usr/share/texmf-dist/fonts/type1/public/amsfonts/cm/
cmmi6.pfb></usr/share/texmf-dist/fonts/type1/public/amsfonts/cm/cmmi8.pfb></usr
/share/texmf-dist/fonts/type1/public/amsfonts/cm/cmr10.pfb></usr/share/texmf-di
st/fonts/type1/public/amsfonts/cm/cmr12.pfb></usr/share/texmf-dist/fonts/type1/
public/amsfonts/cm/cmr17.pfb></usr/share/texmf-dist/fonts/type1/public/amsfonts
/cm/cmr6.pfb></usr/share/texmf-dist/fonts/type1/public/amsfonts/cm/cmr8.pfb></u
sr/share/texmf-dist/fonts/type1/public/amsfonts/cm/cmsy10.pfb></usr/share/texmf
-dist/fonts/type1/public/amsfonts/cm/cmsy6.pfb></usr/share/texmf-dist/fonts/typ
e1/public/amsfonts/cm/cmsy8.pfb></usr/share/texmf-dist/fonts/type1/public/amsfo
nts/cm/cmti10.pfb></usr/share/texmf-dist/fonts/type1/public/amsfonts/cm/cmtt10.
pfb>
Output written on report_v0.1.pdf (34 pages, 740167 bytes).
PDF statistics:
 1190 PDF objects out of 1200 (max. 8388607)
 1085 compressed objects within 11 object streams
 778 named destinations out of 1000 (max. 500000)
 162 words of extra memory for PDF output out of 10000 (max. 10000000)

