

*******************************************************************************
Wed Nov  6 12:10:34 2019


FIT:    data read from 'hurstoutput.txt'
        format = z
        #datapoints = 11
        residuals are weighted equally (unit weight)

function used for fitting: f(x)
	f(x) = a*x + c
BREAK: Need via and either parameter list or file

*******************************************************************************
Wed Nov  6 12:10:39 2019


FIT:    data read from 'hurstoutput.txt'
        format = z
        #datapoints = 11
        residuals are weighted equally (unit weight)

function used for fitting: f(x)
	f(x) = a*x + c
fitted parameters initialized with current variable values

iter      chisq       delta/lim  lambda   a             c            
   0 4.4281421905e+00   0.00e+00  2.42e+00    1.000000e+00   1.000000e+00
   5 5.8748754673e-04  -3.32e-10  2.42e-05    9.940349e-01   3.847722e-01

After 5 iterations the fit converged.
final sum of squares of residuals : 0.000587488
rel. change during last iteration : -3.32188e-15

degrees of freedom    (FIT_NDF)                        : 9
rms of residuals      (FIT_STDFIT) = sqrt(WSSR/ndf)    : 0.00807938
variance of residuals (reduced chisquare) = WSSR/ndf   : 6.52764e-05

Final set of parameters            Asymptotic Standard Error
=======================            ==========================
a               = 0.994035         +/- 0.004285     (0.431%)
c               = 0.384772         +/- 0.014        (3.639%)

correlation matrix of the fit parameters:
                a      c      
a               1.000 
c              -0.985  1.000 


*******************************************************************************
Wed Nov  6 12:38:41 2019


FIT:    data read from 'hurst.txt'
        format = z
        #datapoints = 27
        residuals are weighted equally (unit weight)

function used for fitting: f(x)
	f(x) = m*x + c
fitted parameters initialized with current variable values

iter      chisq       delta/lim  lambda   m             c            
   0 2.8948529662e+02   0.00e+00  3.54e+00    1.000000e+00   1.000000e+00
   4 6.7357654453e-02  -1.77e-03  3.54e-04    5.390377e-01  -4.549258e-02

After 4 iterations the fit converged.
final sum of squares of residuals : 0.0673577
rel. change during last iteration : -1.77387e-08

degrees of freedom    (FIT_NDF)                        : 25
rms of residuals      (FIT_STDFIT) = sqrt(WSSR/ndf)    : 0.0519067
variance of residuals (reduced chisquare) = WSSR/ndf   : 0.00269431

Final set of parameters            Asymptotic Standard Error
=======================            ==========================
m               = 0.539038         +/- 0.0069       (1.28%)
c               = -0.0454926       +/- 0.03384      (74.38%)

correlation matrix of the fit parameters:
                m      c      
m               1.000 
c              -0.955  1.000 


*******************************************************************************
Wed Nov  6 12:38:47 2019


FIT:    data read from 'hurst.txt'
        format = z
        #datapoints = 27
        residuals are weighted equally (unit weight)

function used for fitting: f(x)
	f(x) = m*x + c
fitted parameters initialized with current variable values

iter      chisq       delta/lim  lambda   m             c            
   0 6.7357654453e-02   0.00e+00  1.87e+00    5.390377e-01  -4.549258e-02
   1 6.7357654453e-02   0.00e+00  1.87e-01    5.390377e-01  -4.549258e-02

After 1 iterations the fit converged.
final sum of squares of residuals : 0.0673577
rel. change during last iteration : 0

degrees of freedom    (FIT_NDF)                        : 25
rms of residuals      (FIT_STDFIT) = sqrt(WSSR/ndf)    : 0.0519067
variance of residuals (reduced chisquare) = WSSR/ndf   : 0.00269431

Final set of parameters            Asymptotic Standard Error
=======================            ==========================
m               = 0.539038         +/- 0.0069       (1.28%)
c               = -0.0454926       +/- 0.03384      (74.38%)

correlation matrix of the fit parameters:
                m      c      
m               1.000 
c              -0.955  1.000 
